<?xml version="1.0" encoding="UTF-8"?>
<!-- Generated by org.testng.reporters.JUnitXMLReporter -->
<testsuite ignored="0" hostname="DESKTOP-SM7K0UG" failures="1" tests="1" name="inetBankingAppV2 Test2" time="8.55" errors="0" timestamp="2023-04-23T02:49:37 PDT">
  <testcase classname="com.inetBanking.testCases.TC_LoginTest_001" name="loginTest" time="2.238">
    <failure type="java.lang.AssertionError">
      <![CDATA[java.lang.AssertionError: 
at com.inetBanking.testCases.TC_LoginTest_001.loginTest(TC_LoginTest_001.java:36)
at java.base/java.util.ArrayList.forEach(ArrayList.java:1511)
... Removed 28 stack frames]]>
    </failure>
  </testcase> <!-- loginTest -->
</testsuite> <!-- inetBankingAppV2 Test2 -->
